# JRE version: OpenJDK Runtime Environment (17.0.11) (build 17.0.11+0--11852314)
# Java VM: OpenJDK 64-Bit Server VM (17.0.11+0--11852314, mixed mode, tiered, compressed oops, compressed class ptrs, g1 gc, windows-amd64)
GC Precious Log:
 CPUs: 16 total, 16 available
 Memory: 14188M
 Large Page Support: Disabled
 NUMA Support: Disabled
 Compressed Oops: Enabled (32-bit)
 Heap Region Size: 1M
 Heap Min Capacity: 8M
 Heap Initial Capacity: 222M
 Heap Max Capacity: 2G
 Pre-touch: Disabled
 Parallel Workers: 13
 Concurrent Workers: 3
 Concurrent Refinement Workers: 13
 Periodic GC: Disabled
Heap:
 garbage-first heap   total 316416K, used 128434K [0x0000000080000000, 0x0000000100000000)
  region size 1024K, 16 young (16384K), 7 survivors (7168K)
 Metaspace       used 110414K, committed 111232K, reserved 1179648K
  class space    used 14960K, committed 15360K, reserved 1048576K
GC Heap History (20 events):
Event: 9.531 GC heap before
{Heap before GC invocations=26 (full 0):
 garbage-first heap   total 178176K, used 144871K [0x0000000080000000, 0x0000000100000000)
  region size 1024K, 69 young (70656K), 4 survivors (4096K)
 Metaspace       used 79050K, committed 79616K, reserved 1179648K
  class space    used 10678K, committed 10944K, reserved 1048576K
}
Event: 9.535 GC heap after
{Heap after GC invocations=27 (full 0):
 garbage-first heap   total 178176K, used 82487K [0x0000000080000000, 0x0000000100000000)
  region size 1024K, 8 young (8192K), 8 survivors (8192K)
 Metaspace       used 79050K, committed 79616K, reserved 1179648K
  class space    used 10678K, committed 10944K, reserved 1048576K
}
Event: 10.774 GC heap before
{Heap before GC invocations=27 (full 0):
 garbage-first heap   total 178176K, used 143927K [0x0000000080000000, 0x0000000100000000)
  region size 1024K, 68 young (69632K), 8 survivors (8192K)
 Metaspace       used 81786K, committed 82432K, reserved 1179648K
  class space    used 11049K, committed 11328K, reserved 1048576K
}
Event: 10.781 GC heap after
{Heap after GC invocations=28 (full 0):
 garbage-first heap   total 178176K, used 87202K [0x0000000080000000, 0x0000000100000000)
  region size 1024K, 9 young (9216K), 9 survivors (9216K)
 Metaspace       used 81786K, committed 82432K, reserved 1179648K
  class space    used 11049K, committed 11328K, reserved 1048576K
}
Event: 11.652 GC heap before
{Heap before GC invocations=28 (full 0):
 garbage-first heap   total 178176K, used 144546K [0x0000000080000000, 0x0000000100000000)
  region size 1024K, 64 young (65536K), 9 survivors (9216K)
 Metaspace       used 85682K, committed 86336K, reserved 1179648K
  class space    used 11711K, committed 12032K, reserved 1048576K
}
Event: 11.657 GC heap after
{Heap after GC invocations=29 (full 0):
 garbage-first heap   total 178176K, used 89746K [0x0000000080000000, 0x0000000100000000)
  region size 1024K, 3 young (3072K), 3 survivors (3072K)
 Metaspace       used 85682K, committed 86336K, reserved 1179648K
  class space    used 11711K, committed 12032K, reserved 1048576K
}
Event: 12.584 GC heap before
{Heap before GC invocations=29 (full 0):
 garbage-first heap   total 178176K, used 146066K [0x0000000080000000, 0x0000000100000000)
  region size 1024K, 58 young (59392K), 3 survivors (3072K)
 Metaspace       used 89614K, committed 90304K, reserved 1179648K
  class space    used 12364K, committed 12672K, reserved 1048576K
}
Event: 12.592 GC heap after
{Heap after GC invocations=30 (full 0):
 garbage-first heap   total 178176K, used 91572K [0x0000000080000000, 0x0000000100000000)
  region size 1024K, 5 young (5120K), 5 survivors (5120K)
 Metaspace       used 89614K, committed 90304K, reserved 1179648K
  class space    used 12364K, committed 12672K, reserved 1048576K
}
Event: 13.734 GC heap before
{Heap before GC invocations=31 (full 0):
 garbage-first heap   total 178176K, used 147892K [0x0000000080000000, 0x0000000100000000)
  region size 1024K, 60 young (61440K), 5 survivors (5120K)
 Metaspace       used 93693K, committed 94336K, reserved 1179648K
  class space    used 12972K, committed 13248K, reserved 1048576K
}
Event: 13.739 GC heap after
{Heap after GC invocations=32 (full 0):
 garbage-first heap   total 178176K, used 94479K [0x0000000080000000, 0x0000000100000000)
  region size 1024K, 6 young (6144K), 6 survivors (6144K)
 Metaspace       used 93693K, committed 94336K, reserved 1179648K
  class space    used 12972K, committed 13248K, reserved 1048576K
}
Event: 13.764 GC heap before
{Heap before GC invocations=32 (full 0):
 garbage-first heap   total 178176K, used 96527K [0x0000000080000000, 0x0000000100000000)
  region size 1024K, 8 young (8192K), 6 survivors (6144K)
 Metaspace       used 93865K, committed 94528K, reserved 1179648K
  class space    used 12995K, committed 13312K, reserved 1048576K
}
Event: 13.771 GC heap after
{Heap after GC invocations=33 (full 0):
 garbage-first heap   total 178176K, used 93615K [0x0000000080000000, 0x0000000100000000)
  region size 1024K, 1 young (1024K), 1 survivors (1024K)
 Metaspace       used 93865K, committed 94528K, reserved 1179648K
  class space    used 12995K, committed 13312K, reserved 1048576K
}
Event: 14.547 GC heap before
{Heap before GC invocations=33 (full 0):
 garbage-first heap   total 178176K, used 147887K [0x0000000080000000, 0x0000000100000000)
  region size 1024K, 54 young (55296K), 1 survivors (1024K)
 Metaspace       used 98422K, committed 99136K, reserved 1179648K
  class space    used 13621K, committed 13952K, reserved 1048576K
}
Event: 14.553 GC heap after
{Heap after GC invocations=34 (full 0):
 garbage-first heap   total 316416K, used 96107K [0x0000000080000000, 0x0000000100000000)
  region size 1024K, 4 young (4096K), 4 survivors (4096K)
 Metaspace       used 98422K, committed 99136K, reserved 1179648K
  class space    used 13621K, committed 13952K, reserved 1048576K
}
Event: 16.975 GC heap before
{Heap before GC invocations=35 (full 0):
 garbage-first heap   total 316416K, used 266091K [0x0000000080000000, 0x0000000100000000)
  region size 1024K, 166 young (169984K), 4 survivors (4096K)
 Metaspace       used 105403K, committed 106176K, reserved 1179648K
  class space    used 14483K, committed 14848K, reserved 1048576K
}
Event: 16.986 GC heap after
{Heap after GC invocations=36 (full 0):
 garbage-first heap   total 316416K, used 114665K [0x0000000080000000, 0x0000000100000000)
  region size 1024K, 21 young (21504K), 21 survivors (21504K)
 Metaspace       used 105403K, committed 106176K, reserved 1179648K
  class space    used 14483K, committed 14848K, reserved 1048576K
}
Event: 17.012 GC heap before
{Heap before GC invocations=36 (full 0):
 garbage-first heap   total 316416K, used 115689K [0x0000000080000000, 0x0000000100000000)
  region size 1024K, 22 young (22528K), 21 survivors (21504K)
 Metaspace       used 105458K, committed 106240K, reserved 1179648K
  class space    used 14485K, committed 14848K, reserved 1048576K
}
Event: 17.020 GC heap after
{Heap after GC invocations=37 (full 0):
 garbage-first heap   total 316416K, used 116576K [0x0000000080000000, 0x0000000100000000)
  region size 1024K, 3 young (3072K), 3 survivors (3072K)
 Metaspace       used 105458K, committed 106240K, reserved 1179648K
  class space    used 14485K, committed 14848K, reserved 1048576K
}
Event: 18.010 GC heap before
{Heap before GC invocations=37 (full 0):
 garbage-first heap   total 316416K, used 252768K [0x0000000080000000, 0x0000000100000000)
  region size 1024K, 129 young (132096K), 3 survivors (3072K)
 Metaspace       used 110078K, committed 110976K, reserved 1179648K
  class space    used 14917K, committed 15360K, reserved 1048576K
}
Event: 18.015 GC heap after
{Heap after GC invocations=38 (full 0):
 garbage-first heap   total 316416K, used 120242K [0x0000000080000000, 0x0000000100000000)
  region size 1024K, 7 young (7168K), 7 survivors (7168K)
 Metaspace       used 110078K, committed 110976K, reserved 1179648K
  class space    used 14917K, committed 15360K, reserved 1048576K
}

